This is pdfTeX, Version 3.141592653-2.6-1.40.24 (TeX Live 2022) (preloaded format=pdflatex 2022.4.26)  22 JUL 2022 01:04
entering extended mode
 restricted \write18 enabled.
 file:line:error style messages enabled.
 %&-line parsing enabled.
**/Users/gaotangli/Desktop/Analysis_note/Notes-main/MATH561-Linear_Programming/master.tex
(/Users/gaotangli/Desktop/Analysis_note/Notes-main/MATH561-Linear_Programming/master.tex
LaTeX2e <2021-11-15> patch level 1
L3 programming layer <2022-02-24> (/usr/local/texlive/2022/texmf-dist/tex/latex/base/report.cls
Document Class: report 2021/10/04 v1.4n Standard LaTeX document class
(/usr/local/texlive/2022/texmf-dist/tex/latex/base/size10.clo
File: size10.clo 2021/10/04 v1.4n Standard LaTeX file (size option)
)
\c@part=\count185
\c@chapter=\count186
\c@section=\count187
\c@subsection=\count188
\c@subsubsection=\count189
\c@paragraph=\count190
\c@subparagraph=\count191
\c@figure=\count192
\c@table=\count193
\abovecaptionskip=\skip47
\belowcaptionskip=\skip48
\bibindent=\dimen138
)

! LaTeX Error: File `~/Developer/LaTeX-Template/Notes/header.tex' not found.

Type X to quit or <RETURN> to proceed,
or enter new name. (Default extension: tex)

Enter file name: 
/Users/gaotangli/Desktop/Analysis_note/Notes-main/MATH561-Linear_Programming/master.tex:2: Emergency stop.
<read *> 
         
l.2 .../Developer/LaTeX-Template/Notes/header.tex}
                                                  ^^M
*** (cannot \read from terminal in nonstop modes)

 
Here is how much of TeX's memory you used:
 250 strings out of 478268
 3420 string characters out of 5846347
 292476 words of memory out of 5000000
 18548 multiletter control sequences out of 15000+600000
 469259 words of font info for 28 fonts, out of 8000000 for 9000
 1141 hyphenation exceptions out of 8191
 34i,0n,38p,253b,36s stack positions out of 10000i,1000n,20000p,200000b,200000s
/Users/gaotangli/Desktop/Analysis_note/Notes-main/MATH561-Linear_Programming/master.tex:2:  ==> Fatal error occurred, no output PDF file produced!
